::1 - - [02/Jun/2020:05:26:44 +0000] "GET /api/genres HTTP/1.1" 304 - "-" "Mozilla/5.0 (Windows NT 10.0; Win64; x64) AppleWebKit/537.36 (KHTML, like Gecko) Chrome/83.0.4103.61 Safari/537.36"
::1 - - [02/Jun/2020:05:26:44 +0000] "GET /api/genres HTTP/1.1" 304 - "-" "Mozilla/5.0 (Windows NT 10.0; Win64; x64) AppleWebKit/537.36 (KHTML, like Gecko) Chrome/83.0.4103.61 Safari/537.36"
::1 - - [02/Jun/2020:05:26:44 +0000] "GET /api/genres HTTP/1.1" 304 - "-" "Mozilla/5.0 (Windows NT 10.0; Win64; x64) AppleWebKit/537.36 (KHTML, like Gecko) Chrome/83.0.4103.61 Safari/537.36"
::1 - - [02/Jun/2020:05:26:45 +0000] "GET /api/genres HTTP/1.1" 304 - "-" "Mozilla/5.0 (Windows NT 10.0; Win64; x64) AppleWebKit/537.36 (KHTML, like Gecko) Chrome/83.0.4103.61 Safari/537.36"
::1 - - [02/Jun/2020:05:29:17 +0000] "GET /api/genres HTTP/1.1" 200 55 "-" "Mozilla/5.0 (Windows NT 10.0; Win64; x64) AppleWebKit/537.36 (KHTML, like Gecko) Chrome/83.0.4103.61 Safari/537.36"
::1 - - [02/Jun/2020:05:29:28 +0000] "DELETE /api/genres/1 HTTP/1.1" 200 26 "-" "Mozilla/5.0 (Windows NT 10.0; Win64; x64) AppleWebKit/537.36 (KHTML, like Gecko) Chrome/83.0.4103.61 Safari/537.36"
::1 - - [02/Jun/2020:05:30:40 +0000] "GET /api/genres HTTP/1.1" 200 55 "-" "Mozilla/5.0 (Windows NT 10.0; Win64; x64) AppleWebKit/537.36 (KHTML, like Gecko) Chrome/83.0.4103.61 Safari/537.36"
::1 - - [02/Jun/2020:05:30:47 +0000] "DELETE /api/genres/1 HTTP/1.1" 200 52 "-" "Mozilla/5.0 (Windows NT 10.0; Win64; x64) AppleWebKit/537.36 (KHTML, like Gecko) Chrome/83.0.4103.61 Safari/537.36"
::1 - - [02/Jun/2020:05:30:51 +0000] "DELETE /api/genres/1 HTTP/1.1" 404 16 "-" "Mozilla/5.0 (Windows NT 10.0; Win64; x64) AppleWebKit/537.36 (KHTML, like Gecko) Chrome/83.0.4103.61 Safari/537.36"
::1 - - [02/Jun/2020:05:30:54 +0000] "DELETE /api/genres/3 HTTP/1.1" 200 27 "-" "Mozilla/5.0 (Windows NT 10.0; Win64; x64) AppleWebKit/537.36 (KHTML, like Gecko) Chrome/83.0.4103.61 Safari/537.36"
::1 - - [02/Jun/2020:05:31:52 +0000] "POST /api/genres/add HTTP/1.1" 200 82 "-" "Mozilla/5.0 (Windows NT 10.0; Win64; x64) AppleWebKit/537.36 (KHTML, like Gecko) Chrome/83.0.4103.61 Safari/537.36"
::1 - - [02/Jun/2020:05:32:08 +0000] "POST /api/genres/add HTTP/1.1" 200 107 "-" "Mozilla/5.0 (Windows NT 10.0; Win64; x64) AppleWebKit/537.36 (KHTML, like Gecko) Chrome/83.0.4103.61 Safari/537.36"
::1 - - [02/Jun/2020:05:32:16 +0000] "GET /api/genres HTTP/1.1" 200 55 "-" "Mozilla/5.0 (Windows NT 10.0; Win64; x64) AppleWebKit/537.36 (KHTML, like Gecko) Chrome/83.0.4103.61 Safari/537.36"
::1 - - [02/Jun/2020:05:34:28 +0000] "GET /api/genres HTTP/1.1" 200 55 "-" "Mozilla/5.0 (Windows NT 10.0; Win64; x64) AppleWebKit/537.36 (KHTML, like Gecko) Chrome/83.0.4103.61 Safari/537.36"
::1 - - [02/Jun/2020:05:34:38 +0000] "DELETE /api/genres/1 HTTP/1.1" 404 16 "-" "Mozilla/5.0 (Windows NT 10.0; Win64; x64) AppleWebKit/537.36 (KHTML, like Gecko) Chrome/83.0.4103.61 Safari/537.36"
::1 - - [02/Jun/2020:05:34:45 +0000] "GET /api/genres/ HTTP/1.1" 200 55 "-" "Mozilla/5.0 (Windows NT 10.0; Win64; x64) AppleWebKit/537.36 (KHTML, like Gecko) Chrome/83.0.4103.61 Safari/537.36"
::1 - - [02/Jun/2020:05:34:58 +0000] "DELETE /api/genres/2 HTTP/1.1" 200 51 "-" "Mozilla/5.0 (Windows NT 10.0; Win64; x64) AppleWebKit/537.36 (KHTML, like Gecko) Chrome/83.0.4103.61 Safari/537.36"
::1 - - [02/Jun/2020:05:35:18 +0000] "GET /api/genres HTTP/1.1" 200 44 "-" "Mozilla/5.0 (Windows NT 10.0; Win64; x64) AppleWebKit/537.36 (KHTML, like Gecko) Chrome/83.0.4103.61 Safari/537.36"
::1 - - [02/Jun/2020:05:36:17 +0000] "GET /api/genres HTTP/1.1" 304 - "-" "Mozilla/5.0 (Windows NT 10.0; Win64; x64) AppleWebKit/537.36 (KHTML, like Gecko) Chrome/83.0.4103.61 Safari/537.36"
::1 - - [02/Jun/2020:05:37:09 +0000] "GET /readme.txt HTTP/1.1" 200 51 "-" "Mozilla/5.0 (Windows NT 10.0; Win64; x64) AppleWebKit/537.36 (KHTML, like Gecko) Chrome/83.0.4103.61 Safari/537.36"
GET /api/genres 304 - - 4.445 ms
GET /api/genres 304 - - 0.424 ms
::1 - - [02/Jun/2020:06:37:35 +0000] "GET /api/genres HTTP/1.1" 200 55 "-" "Mozilla/5.0 (Windows NT 10.0; Win64; x64) AppleWebKit/537.36 (KHTML, like Gecko) Chrome/83.0.4103.61 Safari/537.36"
::1 - - [02/Jun/2020:06:37:35 +0000] "GET /favicon.ico HTTP/1.1" 404 150 "http://localhost:3000/api/genres" "Mozilla/5.0 (Windows NT 10.0; Win64; x64) AppleWebKit/537.36 (KHTML, like Gecko) Chrome/83.0.4103.61 Safari/537.36"
